<?xml version="1.0" encoding="UTF-8" standalone="no"?>
<!DOCTYPE log SYSTEM "logger.dtd">
<log>
<record>
  <date>2017-11-28T10:25:17</date>
  <millis>1511882717425</millis>
  <sequence>0</sequence>
  <level>START</level>
  <class>com.kms.katalon.core.logging.KeywordLogger</class>
  <method>startSuite</method>
  <thread>1</thread>
  <message>Start Test Suite : ECR_Lite</message>
  <nestedLevel>0</nestedLevel>
  <property name="name">ECR_Lite</property>
  <property name="description"></property>
  <property name="id">Test Suites/ECR_Lite</property>
</record>
<record>
  <date>2017-11-28T10:25:17</date>
  <millis>1511882717465</millis>
  <sequence>1</sequence>
  <level>RUN_DATA</level>
  <class>com.kms.katalon.core.logging.KeywordLogger</class>
  <method>logMessage</method>
  <thread>1</thread>
  <message>Logging run data &amp;apos;hostName&amp;apos; with value &amp;apos;nipin - L22622WUS.rpega.com&amp;apos;</message>
  <nestedLevel>0</nestedLevel>
  <property name="hostName">nipin - L22622WUS.rpega.com</property>
</record>
<record>
  <date>2017-11-28T10:25:17</date>
  <millis>1511882717466</millis>
  <sequence>2</sequence>
  <level>RUN_DATA</level>
  <class>com.kms.katalon.core.logging.KeywordLogger</class>
  <method>logMessage</method>
  <thread>1</thread>
  <message>Logging run data &amp;apos;os&amp;apos; with value &amp;apos;Windows 7 64bit&amp;apos;</message>
  <nestedLevel>0</nestedLevel>
  <property name="os">Windows 7 64bit</property>
</record>
<record>
  <date>2017-11-28T10:25:17</date>
  <millis>1511882717467</millis>
  <sequence>3</sequence>
  <level>RUN_DATA</level>
  <class>com.kms.katalon.core.logging.KeywordLogger</class>
  <method>logMessage</method>
  <thread>1</thread>
  <message>Logging run data &amp;apos;hostAddress&amp;apos; with value &amp;apos;10.2.176.78&amp;apos;</message>
  <nestedLevel>0</nestedLevel>
  <property name="hostAddress">10.2.176.78</property>
</record>
<record>
  <date>2017-11-28T10:25:17</date>
  <millis>1511882717470</millis>
  <sequence>4</sequence>
  <level>RUN_DATA</level>
  <class>com.kms.katalon.core.logging.KeywordLogger</class>
  <method>logMessage</method>
  <thread>1</thread>
  <message>Logging run data &amp;apos;katalonVersion&amp;apos; with value &amp;apos;5.1.0.1&amp;apos;</message>
  <nestedLevel>0</nestedLevel>
  <property name="katalonVersion">5.1.0.1</property>
</record>
<record>
  <date>2017-11-28T10:25:17</date>
  <millis>1511882717988</millis>
  <sequence>5</sequence>
  <level>START</level>
  <class>com.kms.katalon.core.logging.KeywordLogger</class>
  <method>startTest</method>
  <thread>1</thread>
  <message>Start Test Case : Test Cases/ECR/TC_ECRLite_NoExpertService_AllApproval</message>
  <nestedLevel>1</nestedLevel>
  <property name="name">Test Cases/ECR/TC_ECRLite_NoExpertService_AllApproval</property>
  <property name="description"></property>
  <property name="id">Test Cases/ECR/TC_ECRLite_NoExpertService_AllApproval</property>
  <property name="source">C:\\Users\\nipin\\Katalon Studio\\COETest Cases\\ECR\\TC_ECRLite_NoExpertService_AllApproval.tc</property>
  <property name="isOptional">false</property>
</record>
<record>
  <date>2017-11-28T10:25:18</date>
  <millis>1511882718260</millis>
  <sequence>6</sequence>
  <level>INFO</level>
  <class>com.kms.katalon.core.logging.KeywordLogger</class>
  <method>logMessage</method>
  <thread>1</thread>
  <message>Evaluating variables for test case</message>
  <nestedLevel>1</nestedLevel>
</record>
<record>
  <date>2017-11-28T10:25:18</date>
  <millis>1511882718919</millis>
  <sequence>7</sequence>
  <level>START</level>
  <class>com.kms.katalon.core.logging.KeywordLogger</class>
  <method>startKeyword</method>
  <thread>1</thread>
  <message>Start action : callTestCase</message>
  <nestedLevel>1</nestedLevel>
  <property name="startLine">22</property>
  <property name="stepIndex">1</property>
</record>
<record>
  <date>2017-11-28T10:25:19</date>
  <millis>1511882719026</millis>
  <sequence>8</sequence>
  <level>INFO</level>
  <class>com.kms.katalon.core.logging.KeywordLogger</class>
  <method>logMessage</method>
  <thread>1</thread>
  <message>Checking called Test Case</message>
  <nestedLevel>1</nestedLevel>
</record>
<record>
  <date>2017-11-28T10:25:19</date>
  <millis>1511882719027</millis>
  <sequence>9</sequence>
  <level>INFO</level>
  <class>com.kms.katalon.core.logging.KeywordLogger</class>
  <method>logMessage</method>
  <thread>1</thread>
  <message>Starting to call Test Case &amp;apos;Test Cases/ECR/REF/ECR_Lite_NoExpertService&amp;apos;</message>
  <nestedLevel>1</nestedLevel>
</record>
<record>
  <date>2017-11-28T10:25:19</date>
  <millis>1511882719110</millis>
  <sequence>10</sequence>
  <level>START</level>
  <class>com.kms.katalon.core.logging.KeywordLogger</class>
  <method>startTest</method>
  <thread>1</thread>
  <message>Start Test Case : Test Cases/ECR/REF/ECR_Lite_NoExpertService</message>
  <nestedLevel>2</nestedLevel>
  <property name="name">Test Cases/ECR/REF/ECR_Lite_NoExpertService</property>
  <property name="description"></property>
  <property name="id">Test Cases/ECR/REF/ECR_Lite_NoExpertService</property>
  <property name="source">C:\\Users\\nipin\\Katalon Studio\\COETest Cases\\ECR\\REF\\ECR_Lite_NoExpertService.tc</property>
  <property name="isOptional">false</property>
</record>
<record>
  <date>2017-11-28T10:25:19</date>
  <millis>1511882719155</millis>
  <sequence>11</sequence>
  <level>INFO</level>
  <class>com.kms.katalon.core.logging.KeywordLogger</class>
  <method>logMessage</method>
  <thread>1</thread>
  <message>Evaluating variables for test case</message>
  <nestedLevel>2</nestedLevel>
</record>
<record>
  <date>2017-11-28T10:25:19</date>
  <millis>1511882719566</millis>
  <sequence>12</sequence>
  <level>START</level>
  <class>com.kms.katalon.core.logging.KeywordLogger</class>
  <method>startKeyword</method>
  <thread>1</thread>
  <message>Start action : com.helper.commonfunct.utilities.login</message>
  <nestedLevel>1</nestedLevel>
  <property name="startLine">22</property>
  <property name="stepIndex">1</property>
</record>
<record>
  <date>2017-11-28T10:25:21</date>
  <millis>1511882721317</millis>
  <sequence>13</sequence>
  <level>INFO</level>
  <class>com.kms.katalon.core.logging.KeywordLogger</class>
  <method>logMessage</method>
  <thread>1</thread>
  <message>Opening browser</message>
  <nestedLevel>2</nestedLevel>
</record>
<record>
  <date>2017-11-28T10:25:21</date>
  <millis>1511882721333</millis>
  <sequence>14</sequence>
  <level>INFO</level>
  <class>com.kms.katalon.core.logging.KeywordLogger</class>
  <method>logMessage</method>
  <thread>1</thread>
  <message>Starting &amp;apos;Chrome&amp;apos; driver</message>
  <nestedLevel>2</nestedLevel>
</record>
<record>
  <date>2017-11-28T10:25:21</date>
  <millis>1511882721415</millis>
  <sequence>15</sequence>
  <level>INFO</level>
  <class>com.kms.katalon.core.logging.KeywordLogger</class>
  <method>logMessage</method>
  <thread>1</thread>
  <message>Action delay is set to 0 seconds</message>
  <nestedLevel>2</nestedLevel>
</record>
<record>
  <date>2017-11-28T10:25:25</date>
  <millis>1511882725357</millis>
  <sequence>17</sequence>
  <level>RUN_DATA</level>
  <class>com.kms.katalon.core.logging.KeywordLogger</class>
  <method>logMessage</method>
  <thread>1</thread>
  <message>Logging run data &amp;apos;sessionId&amp;apos; with value &amp;apos;c445c072f01fd173b0575331fe0954ad&amp;apos;</message>
  <nestedLevel>2</nestedLevel>
  <property name="sessionId">c445c072f01fd173b0575331fe0954ad</property>
</record>
<record>
  <date>2017-11-28T10:25:25</date>
  <millis>1511882725421</millis>
  <sequence>18</sequence>
  <level>RUN_DATA</level>
  <class>com.kms.katalon.core.logging.KeywordLogger</class>
  <method>logMessage</method>
  <thread>1</thread>
  <message>Logging run data &amp;apos;browser&amp;apos; with value &amp;apos;Chrome 62.0.3202.94&amp;apos;</message>
  <nestedLevel>2</nestedLevel>
  <property name="browser">Chrome 62.0.3202.94</property>
</record>
<record>
  <date>2017-11-28T10:25:25</date>
  <millis>1511882725423</millis>
  <sequence>19</sequence>
  <level>RUN_DATA</level>
  <class>com.kms.katalon.core.logging.KeywordLogger</class>
  <method>logMessage</method>
  <thread>1</thread>
  <message>Logging run data &amp;apos;platform&amp;apos; with value &amp;apos;Windows 7&amp;apos;</message>
  <nestedLevel>2</nestedLevel>
  <property name="platform">Windows 7</property>
</record>
<record>
  <date>2017-11-28T10:25:25</date>
  <millis>1511882725427</millis>
  <sequence>20</sequence>
  <level>RUN_DATA</level>
  <class>com.kms.katalon.core.logging.KeywordLogger</class>
  <method>logMessage</method>
  <thread>1</thread>
  <message>Logging run data &amp;apos;seleniumVersion&amp;apos; with value &amp;apos;3.7.1&amp;apos;</message>
  <nestedLevel>2</nestedLevel>
  <property name="seleniumVersion">3.7.1</property>
</record>
<record>
  <date>2017-11-28T10:25:25</date>
  <millis>1511882725429</millis>
  <sequence>21</sequence>
  <level>RUN_DATA</level>
  <class>com.kms.katalon.core.logging.KeywordLogger</class>
  <method>logMessage</method>
  <thread>1</thread>
  <message>Logging run data &amp;apos;proxyInformation&amp;apos; with value &amp;apos;ProxyInformation{proxyOption=NO_PROXY, proxyServerType=HTTP, password=, proxyServerAddress=, proxyServerPort=0}&amp;apos;</message>
  <nestedLevel>2</nestedLevel>
  <property name="proxyInformation">ProxyInformation{proxyOption=NO_PROXY, proxyServerType=HTTP, password=, proxyServerAddress=, proxyServerPort=0}</property>
</record>
<record>
  <date>2017-11-28T10:25:25</date>
  <millis>1511882725430</millis>
  <sequence>22</sequence>
  <level>PASSED</level>
  <class>com.kms.katalon.core.logging.KeywordLogger</class>
  <method>logMessage</method>
  <thread>1</thread>
  <message>Browser is opened with url: &amp;apos;&amp;apos;</message>
  <nestedLevel>2</nestedLevel>
</record>
<record>
  <date>2017-11-28T10:25:25</date>
  <millis>1511882725465</millis>
  <sequence>23</sequence>
  <level>INFO</level>
  <class>com.kms.katalon.core.logging.KeywordLogger</class>
  <method>logMessage</method>
  <thread>1</thread>
  <message>Checking url</message>
  <nestedLevel>2</nestedLevel>
</record>
<record>
  <date>2017-11-28T10:25:25</date>
  <millis>1511882725467</millis>
  <sequence>24</sequence>
  <level>INFO</level>
  <class>com.kms.katalon.core.logging.KeywordLogger</class>
  <method>logMessage</method>
  <thread>1</thread>
  <message>Navigating to &amp;apos;https://vtcpqa2.rpega.com:9030/tcpqa/PRServlet&amp;apos;</message>
  <nestedLevel>2</nestedLevel>
</record>
<record>
  <date>2017-11-28T10:25:26</date>
  <millis>1511882726589</millis>
  <sequence>25</sequence>
  <level>PASSED</level>
  <class>com.kms.katalon.core.logging.KeywordLogger</class>
  <method>logMessage</method>
  <thread>1</thread>
  <message>Navigate to &amp;apos;https://vtcpqa2.rpega.com:9030/tcpqa/PRServlet&amp;apos; successfully</message>
  <nestedLevel>2</nestedLevel>
</record>
<record>
  <date>2017-11-28T10:25:26</date>
  <millis>1511882726600</millis>
  <sequence>26</sequence>
  <level>INFO</level>
  <class>com.kms.katalon.core.logging.KeywordLogger</class>
  <method>logMessage</method>
  <thread>1</thread>
  <message>Finding Test Object with id &amp;apos;Object Repository/input_UserIdentifier&amp;apos;</message>
  <nestedLevel>2</nestedLevel>
</record>
<record>
  <date>2017-11-28T10:25:26</date>
  <millis>1511882726690</millis>
  <sequence>27</sequence>
  <level>INFO</level>
  <class>com.kms.katalon.core.logging.KeywordLogger</class>
  <method>logMessage</method>
  <thread>1</thread>
  <message>Checking object</message>
  <nestedLevel>2</nestedLevel>
</record>
<record>
  <date>2017-11-28T10:25:26</date>
  <millis>1511882726691</millis>
  <sequence>28</sequence>
  <level>INFO</level>
  <class>com.kms.katalon.core.logging.KeywordLogger</class>
  <method>logMessage</method>
  <thread>1</thread>
  <message>Checking text</message>
  <nestedLevel>2</nestedLevel>
</record>
<record>
  <date>2017-11-28T10:25:26</date>
  <millis>1511882726694</millis>
  <sequence>29</sequence>
  <level>INFO</level>
  <class>com.kms.katalon.core.logging.KeywordLogger</class>
  <method>logMessage</method>
  <thread>1</thread>
  <message>Checking timeout</message>
  <nestedLevel>2</nestedLevel>
</record>
<record>
  <date>2017-11-28T10:25:26</date>
  <millis>1511882726709</millis>
  <sequence>30</sequence>
  <level>INFO</level>
  <class>com.kms.katalon.core.logging.KeywordLogger</class>
  <method>logMessage</method>
  <thread>1</thread>
  <message>Finding web element with id: &amp;apos;Object Repository/input_UserIdentifier&amp;apos; located by &amp;apos;By.xpath: //input[count(. | //*[@name = &amp;apos;UserIdentifier&amp;apos;]) = count(//*[@name = &amp;apos;UserIdentifier&amp;apos;])][count(. | //*[@id = &amp;apos;txtUserID&amp;apos;]) = count(//*[@id = &amp;apos;txtUserID&amp;apos;])][count(. | //*[@placeholder = &amp;apos;User name&amp;apos;]) = count(//*[@placeholder = &amp;apos;User name&amp;apos;])][count(. | //*[@type = &amp;apos;text&amp;apos;]) = count(//*[@type = &amp;apos;text&amp;apos;])]&amp;apos; in &amp;apos;30&amp;apos; second(s)</message>
  <nestedLevel>2</nestedLevel>
</record>
